(2016: 5:29: 8:22) - (!) INITIALIZING GAME SERVER...
(2016: 5:29: 8:22) - (!) Reading configuration file...
(2016: 5:29: 8:22) - (*) Game server name : Helbreath
(2016: 5:29: 8:22) - (*) Game server port : 3007
(2016: 5:29: 8:22) - (*) Game server address : 192.168.1.151
(2016: 5:29: 8:22) - (*) Log server address : 192.168.1.151
(2016: 5:29: 8:22) - (*) Log server port : 7070
(2016: 5:29: 8:22) - (*) Gate server port : 800
(2016: 5:29: 8:22) - (*) Website address : www.helbreath.net
(2016: 5:29: 8:22) - (*) Website script address : /onlinestatus.php
(2016: 5:29: 8:22) - (*) Website port : 80
(2016: 5:29: 8:22) - (*) Game server mode : LAN
(2016: 5:29: 8:22) - (*) Game server IP : 192.168.1.151
(2016: 5:29: 8:22) - (*) Add map (astoria)   - Loading map info files...
(2016: 5:29: 8:22) - (*) Add map (default2)   - Loading map info files...
(2016: 5:29: 8:22) - (*) Add map (bisle)   - Loading map info files...
(2016: 5:29: 8:22) - (*) Add map (bsmith)   - Loading map info files...
(2016: 5:29: 8:22) - (*) Add map (barracks1)   - Loading map info files...
(2016: 5:29: 8:22) - (*) Add map (barracks2)   - Loading map info files...
(2016: 5:29: 8:22) - (*) Add map (default)   - Loading map info files...
(2016: 5:29: 8:22) - (*) Add map (fightzone1)   - Loading map info files...
(2016: 5:29: 8:22) - (*) Add map (fightzone2)   - Loading map info files...
(2016: 5:29: 8:22) - (*) Add map (fightzone3)   - Loading map info files...
(2016: 5:29: 8:22) - (*) Add map (fightzone4)   - Loading map info files...
(2016: 5:29: 8:22) - (*) Add map (fightzone5)   - Loading map info files...
(2016: 5:29: 8:22) - (*) Add map (fightzone6)   - Loading map info files...
(2016: 5:29: 8:22) - (*) Add map (fightzone7)   - Loading map info files...
(2016: 5:29: 8:22) - (*) Add map (fightzone8)   - Loading map info files...
(2016: 5:29: 8:22) - (*) Add map (fightzone9)   - Loading map info files...
(2016: 5:29: 8:22) - (*) Add map (middleland)   - Loading map info files...
(2016: 5:29: 8:22) - (*) Add map (2ndmiddle)   - Loading map info files...
(2016: 5:29: 8:22) - (*) Add map (middled1n)   - Loading map info files...
(2016: 5:29: 8:22) - (*) Add map (middled1x)   - Loading map info files...
(2016: 5:29: 8:22) - (*) Add map (areuni)   - Loading map info files...
(2016: 5:29: 8:22) - (*) Add map (elvuni)   - Loading map info files...
(2016: 5:29: 8:22) - (*) Add map (huntzone1)   - Loading map info files...
(2016: 5:29: 8:22) - (*) Add map (huntzone2)   - Loading map info files...
(2016: 5:29: 8:22) - (*) Add map (huntzone3)   - Loading map info files...
(2016: 5:29: 8:22) - (*) Add map (huntzone4)   - Loading map info files...
(2016: 5:29: 8:22) - (*) Add map (BtField)   - Loading map info files...
(2016: 5:29: 8:22) - (*) Add map (GodH)   - Loading map info files...
(2016: 5:29: 8:22) - (*) Add map (HRampart)   - Loading map info files...
(2016: 5:29: 8:22) - (*) Add map (elvine)   - Loading map info files...
(2016: 5:29: 8:22) - (*) Add map (elvfarm)   - Loading map info files...
(2016: 5:29: 8:22) - (*) Add map (elvbrk11)   - Loading map info files...
(2016: 5:29: 8:22) - (*) Add map (elvbrk12)   - Loading map info files...
(2016: 5:29: 8:22) - (*) Add map (elvbrk21)   - Loading map info files...
(2016: 5:29: 8:22) - (*) Add map (elvbrk22)   - Loading map info files...
(2016: 5:29: 8:22) - (*) Add map (elvined1)   - Loading map info files...
(2016: 5:29: 8:22) - (*) Add map (elvjail)   - Loading map info files...
(2016: 5:29: 8:22) - (*) Add map (elvwrhus)   - Loading map info files...
(2016: 5:29: 8:22) - (*) Add map (gldhall_2)   - Loading map info files...
(2016: 5:29: 8:22) - (*) Add map (gshop_2)   - Loading map info files...
(2016: 5:29: 8:22) - (*) Add map (gshop_2f)   - Loading map info files...
(2016: 5:29: 8:22) - (*) Add map (resurr2)   - Loading map info files...
(2016: 5:29: 8:22) - (*) Add map (wrhus_2)   - Loading map info files...
(2016: 5:29: 8:22) - (*) Add map (wrhus_2f)   - Loading map info files...
(2016: 5:29: 8:22) - (*) Add map (wzdtwr_2)   - Loading map info files...
(2016: 5:29: 8:22) - (*) Add map (bsmith_2)   - Loading map info files...
(2016: 5:29: 8:22) - (*) Add map (bsmith_2f)   - Loading map info files...
(2016: 5:29: 8:22) - (*) Add map (cath_2)   - Loading map info files...
(2016: 5:29: 8:22) - (*) Add map (cityhall_2)   - Loading map info files...
(2016: 5:29: 8:22) - (*) Add map (CmdHall_2)   - Loading map info files...
(2016: 5:29: 8:22) - (*) Add map (dglv2)   - Loading map info files...
(2016: 5:29: 8:22) - (*) Add map (dglv3)   - Loading map info files...
(2016: 5:29: 8:22) - (*) Add map (dglv4)   - Loading map info files...
(2016: 5:29: 8:22) - (*) Add map (toh1)   - Loading map info files...
(2016: 5:29: 8:22) - (*) Add map (toh2)   - Loading map info files...
(2016: 5:29: 8:22) - (*) Add map (toh3)   - Loading map info files...
(2016: 5:29: 8:22) - (*) Add map (aresden)   - Loading map info files...
(2016: 5:29: 8:22) - (*) Add map (arefarm)   - Loading map info files...
(2016: 5:29: 8:22) - (*) Add map (aresdend1)   - Loading map info files...
(2016: 5:29: 8:22) - (*) Add map (arebrk11)   - Loading map info files...
(2016: 5:29: 8:22) - (*) Add map (arebrk12)   - Loading map info files...
(2016: 5:29: 8:22) - (*) Add map (arebrk21)   - Loading map info files...
(2016: 5:29: 8:22) - (*) Add map (arebrk22)   - Loading map info files...
(2016: 5:29: 8:22) - (*) Add map (wrhus_1)   - Loading map info files...
(2016: 5:29: 8:22) - (*) Add map (cityhall_1)   - Loading map info files...
(2016: 5:29: 8:22) - (*) Add map (arewrhus)   - Loading map info files...
(2016: 5:29: 8:22) - (*) Add map (resurr1)   - Loading map info files...
(2016: 5:29: 8:22) - (*) Add map (gshop_1)   - Loading map info files...
(2016: 5:29: 8:22) - (*) Add map (arejail)   - Loading map info files...
(2016: 5:29: 8:22) - (*) Add map (cath_1)   - Loading map info files...
(2016: 5:29: 8:22) - (*) Add map (wzdtwr_1)   - Loading map info files...
(2016: 5:29: 8:22) - (*) Add map (gshop_1f)   - Loading map info files...
(2016: 5:29: 8:22) - (*) Add map (wrhus_1f)   - Loading map info files...
(2016: 5:29: 8:22) - (*) Add map (bsmith_1f)   - Loading map info files...
(2016: 5:29: 8:22) - (*) Add map (bsmith_1)   - Loading map info files...
(2016: 5:29: 8:22) - (*) Add map (gldhall_1)   - Loading map info files...
(2016: 5:29: 8:22) - (*) Add map (CmdHall_1)   - Loading map info files...
(2016: 5:29: 8:22) - (*) Add map (inferniaB)   - Loading map info files...
(2016: 5:29: 8:22) - (*) Add map (inferniaA)   - Loading map info files...
(2016: 5:29: 8:22) - (*) Add map (maze)   - Loading map info files...
(2016: 5:29: 8:22) - (*) Add map (druncncity)   - Loading map info files...
(2016: 5:29: 8:22) - (*) Add map (procella)   - Loading map info files...
(2016: 5:29: 8:22) - (*) Add map (abaddon)   - Loading map info files...
(2016: 5:29: 8:22) - (*) Add map (icebound)   - Loading map info files...
(2016: 5:29: 8:22) - (!) Reading Notify Message list file...
(2016: 5:29: 8:22) - (!) Try to connect sub-log-socket(0)... Addr:192.168.1.151  Port:800
(2016: 5:29: 8:22) - (!!!) Sub-log-socket(0) connected.
(2016: 5:29: 8:22) - (!) Try to register game server(Helbreath)
(2016: 5:29: 8:22) - (!!!) Log Socket Connection Established Log#(0) Address:192.168.1.151  Port:800
(2016: 5:29: 8:22) - (!) ITEM configuration contents received. Now decoding...
(2016: 5:29: 8:22) - (!) ITEM(Total:291) configuration - success!
(2016: 5:29: 8:22) - (!) ITEM configuration contents received. Now decoding...
(2016: 5:29: 8:22) - (!) ITEM(Total:622) configuration - success!
(2016: 5:29: 8:22) - (!) ITEM configuration contents received. Now decoding...
(2016: 5:29: 8:22) - (!) ITEM(Total:1008) configuration - success!
(2016: 5:29: 8:22) - (!) BUILD-ITEM configuration contents received. Now decoding...
(2016: 5:29: 8:22) - (!) BuildItem(Total:97) configuration - success!
(2016: 5:29: 8:22) - (!) DupItemID file contents received. Now decoding...
(2016: 5:29: 8:22) - (!) DupItemID(Total:13) configuration - success!
(2016: 5:29: 8:22) - (!) MAGIC configuration contents received. Now decoding...
(2016: 5:29: 8:22) - (!) MAGIC(Total:99) configuration - success!
(2016: 5:29: 8:22) - (!) Noticement file contents received. Now decoding...
(2016: 5:29: 8:22) - (!) Noticement Data Size: 208
(2016: 5:29: 8:22) - (!) NPC configuration contents received. Now decoding...
(2016: 5:29: 8:22) - (!) NPC(Total:135) configuration - success!
(2016: 5:29: 8:22) - (!) POTION configuration contents received. Now decoding...
(2016: 5:29: 8:22) - (!) POTION(Total:20) configuration - success!
(2016: 5:29: 8:22) - (!) QUEST configuration contents received. Now decoding...
(2016: 5:29: 8:22) - (!) QUEST(Total:151) configuration - success!
(2016: 5:29: 8:22) - (!) SKILL configuration contents received. Now decoding...
(2016: 5:29: 8:22) - (!) SKILL(Total:23) configuration - success!
(2016: 5:29: 8:22) - (!!) CRAFTING(Total:26) configuration - success!
(2016: 5:29: 8:22) - (!) TeleportListConfig file contents received. Now decoding...
(2016: 5:29: 8:22) - (!) TELEPORT-LIST(Total:16) configuration - success!
(2016: 5:29: 8:22) - (!) Game Server registration to Log Server - Success! GSID[0]
(2016: 5:29: 8:22) - (!) Try to connect sub-log-socket(1)... Addr:192.168.1.151  Port:800
(2016: 5:29: 8:22) - (!!!) Sub-log-socket(1) connected.
(2016: 5:29: 8:22) - (!) Try to register game server socket(1) on ID[0]
(2016: 5:29: 8:22) - (!!!) Log Socket Connection Established Log#(1) Address:192.168.1.151  Port:800
(2016: 5:29: 8:22) - (!) Try to connect sub-log-socket(2)... Addr:192.168.1.151  Port:800
(2016: 5:29: 8:22) - (!!!) Sub-log-socket(2) connected.
(2016: 5:29: 8:22) - (!) Try to register game server socket(2) on ID[0]
(2016: 5:29: 8:22) - (!!!) Log Socket Connection Established Log#(2) Address:192.168.1.151  Port:800
(2016: 5:29: 8:22) - (!) Try to connect sub-log-socket(3)... Addr:192.168.1.151  Port:800
(2016: 5:29: 8:22) - (!!!) Sub-log-socket(3) connected.
(2016: 5:29: 8:22) - (!) Try to register game server socket(3) on ID[0]
(2016: 5:29: 8:22) - (!!!) Log Socket Connection Established Log#(3) Address:192.168.1.151  Port:800
(2016: 5:29: 8:22) - (!) Try to connect sub-log-socket(4)... Addr:192.168.1.151  Port:800
(2016: 5:29: 8:22) - (!!!) Sub-log-socket(4) connected.
(2016: 5:29: 8:22) - (!) Try to register game server socket(4) on ID[0]
(2016: 5:29: 8:22) - (!!!) Log Socket Connection Established Log#(4) Address:192.168.1.151  Port:800
(2016: 5:29: 8:22) - Sending start message...
(2016: 5:29: 8:22) - (!) Map info file decoding(mapdata\astoria.txt) - success! TL(8) WP(0) LNPC(0) MXO(900) RMG(0 / 0)
(2016: 5:29: 8:22) - (!) Map info file decoding(mapdata\default2.txt) - success! TL(12) WP(0) LNPC(0) MXO(0) RMG(0 / 0)
(2016: 5:29: 8:22) - (!) Map info file decoding(mapdata\bisle.txt) - success! TL(0) WP(10) LNPC(0) MXO(50) RMG(0 / 0)
(2016: 5:29: 8:22) - (!) Map info file decoding(mapdata\bsmith.txt) - success! TL(6) WP(10) LNPC(3) MXO(0) RMG(0 / 0)
(2016: 5:29: 8:22) - (!) Map info file decoding(mapdata\barracks1.txt) - success! TL(6) WP(10) LNPC(0) MXO(300) RMG(0 / 0)
(2016: 5:29: 8:22) - (!) Map info file decoding(mapdata\barracks2.txt) - success! TL(3) WP(10) LNPC(0) MXO(300) RMG(0 / 0)
(2016: 5:29: 8:22) - (!) Map info file decoding(mapdata\default.txt) - success! TL(21) WP(0) LNPC(0) MXO(100) RMG(0 / 0)
(2016: 5:29: 8:22) - (!) Map info file decoding(mapdata\fightzone1.txt) - success! TL(0) WP(10) LNPC(0) MXO(50) RMG(0 / 0)
(2016: 5:29: 8:22) - (!) Map info file decoding(mapdata\fightzone2.txt) - success! TL(0) WP(10) LNPC(0) MXO(50) RMG(0 / 0)
(2016: 5:29: 8:22) - (!) Map info file decoding(mapdata\fightzone3.txt) - success! TL(0) WP(10) LNPC(0) MXO(50) RMG(0 / 0)
(2016: 5:29: 8:22) - (!) Map info file decoding(mapdata\fightzone4.txt) - success! TL(0) WP(10) LNPC(0) MXO(50) RMG(0 / 0)
(2016: 5:29: 8:22) - (!) Map info file decoding(mapdata\fightzone5.txt) - success! TL(0) WP(9) LNPC(0) MXO(999) RMG(0 / 0)
(2016: 5:29: 8:22) - (!) Map info file decoding(mapdata\fightzone6.txt) - success! TL(0) WP(9) LNPC(0) MXO(999) RMG(0 / 0)
(2016: 5:29: 8:22) - (!) Map info file decoding(mapdata\fightzone7.txt) - success! TL(0) WP(9) LNPC(0) MXO(999) RMG(0 / 0)
(2016: 5:29: 8:22) - (!) Map info file decoding(mapdata\fightzone8.txt) - success! TL(0) WP(9) LNPC(0) MXO(999) RMG(0 / 0)
(2016: 5:29: 8:22) - (!) Map info file decoding(mapdata\fightzone9.txt) - success! TL(0) WP(10) LNPC(0) MXO(65) RMG(0 / 0)
(2016: 5:29: 8:22) - (!) Map info file decoding(mapdata\middleland.txt) - success! TL(56) WP(19) LNPC(0) MXO(900) RMG(0 / 0)
(2016: 5:29: 8:22) - (!) Map info file decoding(mapdata\2ndmiddle.txt) - success! TL(22) WP(4) LNPC(0) MXO(400) RMG(1 / 16)
(2016: 5:29: 8:22) - (!) Map info file decoding(mapdata\middled1n.txt) - success! TL(12) WP(9) LNPC(0) MXO(150) RMG(1 / 12)
(2016: 5:29: 8:22) - (!) Map info file decoding(mapdata\middled1x.txt) - success! TL(4) WP(9) LNPC(0) MXO(150) RMG(1 / 5)
(2016: 5:29: 8:22) - (!) Map info file decoding(mapdata\areuni.txt) - success! TL(18) WP(9) LNPC(0) MXO(350) RMG(1 / 7)
(2016: 5:29: 8:22) - (!) Map info file decoding(mapdata\elvuni.txt) - success! TL(9) WP(9) LNPC(0) MXO(350) RMG(1 / 7)
(2016: 5:29: 8:22) - (!) Map info file decoding(mapdata\huntzone1.txt) - success! TL(33) WP(9) LNPC(0) MXO(350) RMG(1 / 16)
(2016: 5:29: 8:22) - (!) Map info file decoding(mapdata\huntzone2.txt) - success! TL(31) WP(9) LNPC(0) MXO(350) RMG(1 / 16)
(2016: 5:29: 8:22) - (!) Map info file decoding(mapdata\huntzone3.txt) - success! TL(6) WP(9) LNPC(0) MXO(350) RMG(1 / 6)
(2016: 5:29: 8:22) - (!) Map info file decoding(mapdata\huntzone4.txt) - success! TL(9) WP(9) LNPC(0) MXO(350) RMG(1 / 6)
(2016: 5:29: 8:22) - (!) Map info file decoding(mapdata\BtField.txt) - success! TL(0) WP(9) LNPC(0) MXO(900) RMG(1 / 20)
(2016: 5:29: 8:22) - (!) Map info file decoding(mapdata\GodH.txt) - success! TL(3) WP(0) LNPC(0) MXO(999) RMG(0 / 0)
(2016: 5:29: 8:22) - (!) Map info file decoding(mapdata\HRampart.txt) - success! TL(6) WP(0) LNPC(0) MXO(999) RMG(0 / 0)
(2016: 5:29: 8:22) - (!) Map info file decoding(mapdata\elvine.txt) - success! TL(85) WP(9) LNPC(0) MXO(600) RMG(0 / 0)
(2016: 5:29: 8:22) - (!) Map info file decoding(mapdata\elvfarm.txt) - success! TL(43) WP(10) LNPC(0) MXO(300) RMG(1 / 1)
(2016: 5:29: 8:22) - (!) Map info file decoding(mapdata\elvbrk11.txt) - success! TL(9) WP(10) LNPC(0) MXO(200) RMG(0 / 0)
(2016: 5:29: 8:22) - (!) Map info file decoding(mapdata\elvbrk12.txt) - success! TL(3) WP(10) LNPC(0) MXO(200) RMG(0 / 0)
(2016: 5:29: 8:22) - (!) Map info file decoding(mapdata\elvbrk21.txt) - success! TL(6) WP(10) LNPC(0) MXO(200) RMG(0 / 0)
(2016: 5:29: 8:22) - (!) Map info file decoding(mapdata\elvbrk22.txt) - success! TL(3) WP(10) LNPC(0) MXO(200) RMG(0 / 0)
(2016: 5:29: 8:22) - (!) Map info file decoding(mapdata\elvined1.txt) - success! TL(11) WP(9) LNPC(0) MXO(180) RMG(1 / 4)
(2016: 5:29: 8:22) - (!) Map info file decoding(mapdata\elvjail.txt) - success! TL(0) WP(0) LNPC(0) MXO(0) RMG(0 / 0)
(2016: 5:29: 8:22) - (!) Map info file decoding(mapdata\elvwrhus.txt) - success! TL(6) WP(10) LNPC(1) MXO(0) RMG(0 / 0)
(2016: 5:29: 8:22) - (!) Map info file decoding(mapdata\gldhall_2.txt) - success! TL(3) WP(10) LNPC(1) MXO(0) RMG(0 / 0)
(2016: 5:29: 8:22) - (!) Map info file decoding(mapdata\gshop_2.txt) - success! TL(5) WP(10) LNPC(1) MXO(0) RMG(0 / 0)
(2016: 5:29: 8:22) - (!) Map info file decoding(mapdata\gshop_2f.txt) - success! TL(5) WP(10) LNPC(1) MXO(0) RMG(0 / 0)
(2016: 5:29: 8:22) - (!) Map info file decoding(mapdata\resurr2.txt) - success! TL(16) WP(0) LNPC(0) MXO(0) RMG(0 / 0)
(2016: 5:29: 8:22) - (!) Map info file decoding(mapdata\wrhus_2.txt) - success! TL(7) WP(10) LNPC(1) MXO(0) RMG(0 / 0)
(2016: 5:29: 8:22) - (!) Map info file decoding(mapdata\wrhus_2f.txt) - success! TL(7) WP(10) LNPC(1) MXO(0) RMG(0 / 0)
(2016: 5:29: 8:22) - (!) Map info file decoding(mapdata\wzdtwr_2.txt) - success! TL(3) WP(10) LNPC(1) MXO(0) RMG(0 / 0)
(2016: 5:29: 8:22) - (!) Map info file decoding(mapdata\bsmith_2.txt) - success! TL(6) WP(10) LNPC(1) MXO(0) RMG(0 / 0)
(2016: 5:29: 8:22) - (!) Map info file decoding(mapdata\bsmith_2f.txt) - success! TL(6) WP(10) LNPC(1) MXO(0) RMG(0 / 0)
(2016: 5:29: 8:22) - (!) Map info file decoding(mapdata\cath_2.txt) - success! TL(4) WP(10) LNPC(1) MXO(0) RMG(0 / 0)
(2016: 5:29: 8:22) - (!) Map info file decoding(mapdata\cityhall_2.txt) - success! TL(4) WP(10) LNPC(1) MXO(0) RMG(0 / 0)
(2016: 5:29: 8:22) - (!) Map info file decoding(mapdata\CmdHall_2.txt) - success! TL(8) WP(10) LNPC(1) MXO(0) RMG(0 / 0)
(2016: 5:29: 8:22) - (!) Map info file decoding(mapdata\dglv2.txt) - success! TL(43) WP(9) LNPC(0) MXO(830) RMG(1 / 5)
(2016: 5:29: 8:22) - (!) Map info file decoding(mapdata\dglv3.txt) - success! TL(12) WP(9) LNPC(0) MXO(700) RMG(1 / 9)
(2016: 5:29: 8:22) - (!) Map info file decoding(mapdata\dglv4.txt) - success! TL(9) WP(9) LNPC(0) MXO(700) RMG(1 / 10)
(2016: 5:29: 8:22) - (!) Map info file decoding(mapdata\toh1.txt) - success! TL(9) WP(9) LNPC(0) MXO(675) RMG(1 / 13)
(2016: 5:29: 8:22) - (!) Map info file decoding(mapdata\toh2.txt) - success! TL(12) WP(9) LNPC(0) MXO(600) RMG(1 / 14)
(2016: 5:29: 8:22) - (!) Map info file decoding(mapdata\toh3.txt) - success! TL(6) WP(9) LNPC(0) MXO(350) RMG(1 / 15)
(2016: 5:29: 8:22) - (!) Map info file decoding(mapdata\aresden.txt) - success! TL(91) WP(9) LNPC(0) MXO(600) RMG(0 / 0)
(2016: 5:29: 8:22) - (!) Map info file decoding(mapdata\arefarm.txt) - success! TL(50) WP(10) LNPC(0) MXO(300) RMG(0 / 0)
(2016: 5:29: 8:22) - (!) Map info file decoding(mapdata\aresdend1.txt) - success! TL(11) WP(9) LNPC(0) MXO(180) RMG(1 / 4)
(2016: 5:29: 8:22) - (!) Map info file decoding(mapdata\arebrk11.txt) - success! TL(9) WP(10) LNPC(0) MXO(200) RMG(0 / 0)
(2016: 5:29: 8:22) - (!) Map info file decoding(mapdata\arebrk12.txt) - success! TL(3) WP(10) LNPC(0) MXO(200) RMG(0 / 0)
(2016: 5:29: 8:22) - (!) Map info file decoding(mapdata\arebrk21.txt) - success! TL(6) WP(10) LNPC(0) MXO(200) RMG(0 / 0)
(2016: 5:29: 8:22) - (!) Map info file decoding(mapdata\arebrk22.txt) - success! TL(3) WP(10) LNPC(0) MXO(200) RMG(0 / 0)
(2016: 5:29: 8:22) - (!) Map info file decoding(mapdata\wrhus_1.txt) - success! TL(7) WP(10) LNPC(1) MXO(0) RMG(0 / 0)
(2016: 5:29: 8:22) - (!) Map info file decoding(mapdata\cityhall_1.txt) - success! TL(4) WP(10) LNPC(1) MXO(0) RMG(0 / 0)
(2016: 5:29: 8:22) - (!) Map info file decoding(mapdata\arewrhus.txt) - success! TL(6) WP(10) LNPC(1) MXO(0) RMG(0 / 0)
(2016: 5:29: 8:22) - (!) Map info file decoding(mapdata\resurr1.txt) - success! TL(16) WP(0) LNPC(0) MXO(0) RMG(0 / 0)
(2016: 5:29: 8:22) - (!) Map info file decoding(mapdata\gshop_1.txt) - success! TL(5) WP(10) LNPC(1) MXO(0) RMG(0 / 0)
(2016: 5:29: 8:22) - (!) Map info file decoding(mapdata\arejail.txt) - success! TL(0) WP(0) LNPC(0) MXO(0) RMG(0 / 0)
(2016: 5:29: 8:22) - (!) Map info file decoding(mapdata\cath_1.txt) - success! TL(4) WP(10) LNPC(1) MXO(0) RMG(0 / 0)
(2016: 5:29: 8:22) - (!) Map info file decoding(mapdata\wzdtwr_1.txt) - success! TL(3) WP(10) LNPC(1) MXO(0) RMG(0 / 0)
(2016: 5:29: 8:22) - (!) Map info file decoding(mapdata\gshop_1f.txt) - success! TL(5) WP(10) LNPC(1) MXO(0) RMG(0 / 0)
(2016: 5:29: 8:22) - (!) Map info file decoding(mapdata\wrhus_1f.txt) - success! TL(7) WP(10) LNPC(1) MXO(0) RMG(0 / 0)
(2016: 5:29: 8:22) - (!) Map info file decoding(mapdata\bsmith_1f.txt) - success! TL(6) WP(10) LNPC(1) MXO(0) RMG(0 / 0)
(2016: 5:29: 8:22) - (!) Map info file decoding(mapdata\bsmith_1.txt) - success! TL(6) WP(10) LNPC(1) MXO(0) RMG(0 / 0)
(2016: 5:29: 8:22) - (!) Map info file decoding(mapdata\gldhall_1.txt) - success! TL(3) WP(10) LNPC(1) MXO(0) RMG(0 / 0)
(2016: 5:29: 8:22) - (!) Map info file decoding(mapdata\CmdHall_1.txt) - success! TL(8) WP(10) LNPC(1) MXO(0) RMG(0 / 0)
(2016: 5:29: 8:22) - (!) Map info file decoding(mapdata\inferniaB.txt) - success! TL(1) WP(9) LNPC(0) MXO(400) RMG(0 / 0)
(2016: 5:29: 8:22) - (!) Map info file decoding(mapdata\inferniaA.txt) - success! TL(1) WP(9) LNPC(0) MXO(400) RMG(0 / 0)
(2016: 5:29: 8:22) - (!) Map info file decoding(mapdata\maze.txt) - success! TL(1) WP(9) LNPC(0) MXO(100) RMG(1 / 19)
(2016: 5:29: 8:22) - (!) Map info file decoding(mapdata\druncncity.txt) - success! TL(12) WP(9) LNPC(0) MXO(100) RMG(1 / 18)
(2016: 5:29: 8:22) - (!) Map info file decoding(mapdata\procella.txt) - success! TL(1) WP(9) LNPC(0) MXO(500) RMG(0 / 0)
(2016: 5:29: 8:22) - (!) Map info file decoding(mapdata\abaddon.txt) - success! TL(0) WP(0) LNPC(0) MXO(300) RMG(0 / 0)
(2016: 5:29: 8:22) - (!) Map info file decoding(mapdata\icebound.txt) - success! TL(10) WP(9) LNPC(0) MXO(700) RMG(0 / 0)
(2016: 5:29: 8:22) - (!) Reading Crusade configuration file...
(2016: 5:29: 8:22) - (!) Map(elvine) Strike Point(1) Related Map(cityhall_2) Index(48)
(2016: 5:29: 8:22) - (!) Map(elvine) Strike Point(2) Related Map(gshop_2) Index(39)
(2016: 5:29: 8:22) - (!) Map(elvine) Strike Point(3) Related Map(bsmith_2) Index(45)
(2016: 5:29: 8:22) - (!) Map(elvine) Strike Point(4) Related Map(wrhus_2) Index(42)
(2016: 5:29: 8:22) - (!) Map(aresden) Strike Point(1) Related Map(cityhall_1) Index(64)
(2016: 5:29: 8:22) - (!) Map(aresden) Strike Point(2) Related Map(gshop_1) Index(67)
(2016: 5:29: 8:22) - (!) Map(aresden) Strike Point(3) Related Map(bsmith_1) Index(74)
(2016: 5:29: 8:22) - (!) Map(aresden) Strike Point(4) Related Map(wrhus_1) Index(63)
(2016: 5:29: 8:22) - (!) Reading CrusadeGUID file...
(2016: 5:29: 8:22) - CrusadeGUID = 29282157
(2016: 5:29: 8:22) - CrusadeWinnerSide = 0
(2016: 5:29: 8:22) - (!) Reading Heldenian-GUID file...
(2016: 5:29: 8:22) - Heldenian-GUID = 0
(2016: 5:29: 8:22) - Heldenian-Type1-Winner = 0
(2016: 5:29: 8:22) - Heldenian-Type2-Winner = 0
(2016: 5:29: 8:22) - Heldenian-LastType = 0
(2016: 5:29: 8:22) - (!!) Nobody Owned Heldenian In Last Type (1).
(2016: 5:29: 8:22) - (!!) Nobody Owned Heldenian In Last Type (2).
(2016: 5:29: 8:22) - (!!) Last Heldenian Type (No Last Type).
(2016: 5:29: 8:22) - (!) Reading Scheduler file...
(2016: 5:29: 8:22) - 
(2016: 5:29: 8:22) - (!) Game Server Activated.
(2016: 5:29: 8:32) - (!!!) Sub-log-socket(0) connection lost!
(2016: 5:29: 8:32) - (!!!) Sub-log-socket(1) connection lost!
(2016: 5:29: 8:32) - (!!!) Sub-log-socket(2) connection lost!
(2016: 5:29: 8:32) - (!!!) Sub-log-socket(3) connection lost!
(2016: 5:29: 8:32) - (!!!) Sub-log-socket(4) connection lost!
(2016: 5:29: 8:32) - (!) Try to connect sub-log-socket(0)... Addr:192.168.1.151  Port:800
(2016: 5:29: 8:32) - (!) GAME SERVER SHUTDOWN PROCESS BEGIN(by Log-server connection Lost)!!!
(2016: 5:29: 8:43) - (!) INITIALIZING GAME SERVER...
(2016: 5:29: 8:43) - (!) Reading configuration file...
(2016: 5:29: 8:43) - (*) Game server name : Helbreath
(2016: 5:29: 8:43) - (*) Game server port : 3007
(2016: 5:29: 8:43) - (*) Game server address : 192.168.1.151
(2016: 5:29: 8:43) - (*) Log server address : 192.168.1.151
(2016: 5:29: 8:43) - (*) Log server port : 7070
(2016: 5:29: 8:43) - (*) Gate server port : 800
(2016: 5:29: 8:43) - (*) Website address : www.helbreath.net
(2016: 5:29: 8:43) - (*) Website script address : /onlinestatus.php
(2016: 5:29: 8:43) - (*) Website port : 80
(2016: 5:29: 8:43) - (*) Game server mode : LAN
(2016: 5:29: 8:43) - (*) Game server IP : 192.168.1.151
(2016: 5:29: 8:43) - (*) Add map (astoria)   - Loading map info files...
(2016: 5:29: 8:43) - (*) Add map (default2)   - Loading map info files...
(2016: 5:29: 8:43) - (*) Add map (bisle)   - Loading map info files...
(2016: 5:29: 8:43) - (*) Add map (bsmith)   - Loading map info files...
(2016: 5:29: 8:43) - (*) Add map (barracks1)   - Loading map info files...
(2016: 5:29: 8:43) - (*) Add map (barracks2)   - Loading map info files...
(2016: 5:29: 8:43) - (*) Add map (default)   - Loading map info files...
(2016: 5:29: 8:43) - (*) Add map (fightzone1)   - Loading map info files...
(2016: 5:29: 8:43) - (*) Add map (fightzone2)   - Loading map info files...
(2016: 5:29: 8:43) - (*) Add map (fightzone3)   - Loading map info files...
(2016: 5:29: 8:43) - (*) Add map (fightzone4)   - Loading map info files...
(2016: 5:29: 8:43) - (*) Add map (fightzone5)   - Loading map info files...
(2016: 5:29: 8:43) - (*) Add map (fightzone6)   - Loading map info files...
(2016: 5:29: 8:43) - (*) Add map (fightzone7)   - Loading map info files...
(2016: 5:29: 8:43) - (*) Add map (fightzone8)   - Loading map info files...
(2016: 5:29: 8:43) - (*) Add map (fightzone9)   - Loading map info files...
(2016: 5:29: 8:43) - (*) Add map (middleland)   - Loading map info files...
(2016: 5:29: 8:43) - (*) Add map (2ndmiddle)   - Loading map info files...
(2016: 5:29: 8:43) - (*) Add map (middled1n)   - Loading map info files...
(2016: 5:29: 8:43) - (*) Add map (middled1x)   - Loading map info files...
(2016: 5:29: 8:43) - (*) Add map (areuni)   - Loading map info files...
(2016: 5:29: 8:43) - (*) Add map (elvuni)   - Loading map info files...
(2016: 5:29: 8:43) - (*) Add map (huntzone1)   - Loading map info files...
(2016: 5:29: 8:43) - (*) Add map (huntzone2)   - Loading map info files...
(2016: 5:29: 8:43) - (*) Add map (huntzone3)   - Loading map info files...
(2016: 5:29: 8:43) - (*) Add map (huntzone4)   - Loading map info files...
(2016: 5:29: 8:43) - (*) Add map (BtField)   - Loading map info files...
(2016: 5:29: 8:43) - (*) Add map (GodH)   - Loading map info files...
(2016: 5:29: 8:43) - (*) Add map (HRampart)   - Loading map info files...
(2016: 5:29: 8:43) - (*) Add map (elvine)   - Loading map info files...
(2016: 5:29: 8:43) - (*) Add map (elvfarm)   - Loading map info files...
(2016: 5:29: 8:43) - (*) Add map (elvbrk11)   - Loading map info files...
(2016: 5:29: 8:43) - (*) Add map (elvbrk12)   - Loading map info files...
(2016: 5:29: 8:43) - (*) Add map (elvbrk21)   - Loading map info files...
(2016: 5:29: 8:43) - (*) Add map (elvbrk22)   - Loading map info files...
(2016: 5:29: 8:43) - (*) Add map (elvined1)   - Loading map info files...
(2016: 5:29: 8:43) - (*) Add map (elvjail)   - Loading map info files...
(2016: 5:29: 8:43) - (*) Add map (elvwrhus)   - Loading map info files...
(2016: 5:29: 8:43) - (*) Add map (gldhall_2)   - Loading map info files...
(2016: 5:29: 8:43) - (*) Add map (gshop_2)   - Loading map info files...
(2016: 5:29: 8:43) - (*) Add map (gshop_2f)   - Loading map info files...
(2016: 5:29: 8:43) - (*) Add map (resurr2)   - Loading map info files...
(2016: 5:29: 8:43) - (*) Add map (wrhus_2)   - Loading map info files...
(2016: 5:29: 8:43) - (*) Add map (wrhus_2f)   - Loading map info files...
(2016: 5:29: 8:43) - (*) Add map (wzdtwr_2)   - Loading map info files...
(2016: 5:29: 8:43) - (*) Add map (bsmith_2)   - Loading map info files...
(2016: 5:29: 8:43) - (*) Add map (bsmith_2f)   - Loading map info files...
(2016: 5:29: 8:43) - (*) Add map (cath_2)   - Loading map info files...
(2016: 5:29: 8:43) - (*) Add map (cityhall_2)   - Loading map info files...
(2016: 5:29: 8:43) - (*) Add map (CmdHall_2)   - Loading map info files...
(2016: 5:29: 8:43) - (*) Add map (dglv2)   - Loading map info files...
(2016: 5:29: 8:43) - (*) Add map (dglv3)   - Loading map info files...
(2016: 5:29: 8:43) - (*) Add map (dglv4)   - Loading map info files...
(2016: 5:29: 8:43) - (*) Add map (toh1)   - Loading map info files...
(2016: 5:29: 8:43) - (*) Add map (toh2)   - Loading map info files...
(2016: 5:29: 8:43) - (*) Add map (toh3)   - Loading map info files...
(2016: 5:29: 8:43) - (*) Add map (aresden)   - Loading map info files...
(2016: 5:29: 8:43) - (*) Add map (arefarm)   - Loading map info files...
(2016: 5:29: 8:43) - (*) Add map (aresdend1)   - Loading map info files...
(2016: 5:29: 8:43) - (*) Add map (arebrk11)   - Loading map info files...
(2016: 5:29: 8:43) - (*) Add map (arebrk12)   - Loading map info files...
(2016: 5:29: 8:43) - (*) Add map (arebrk21)   - Loading map info files...
(2016: 5:29: 8:43) - (*) Add map (arebrk22)   - Loading map info files...
(2016: 5:29: 8:43) - (*) Add map (wrhus_1)   - Loading map info files...
(2016: 5:29: 8:43) - (*) Add map (cityhall_1)   - Loading map info files...
(2016: 5:29: 8:43) - (*) Add map (arewrhus)   - Loading map info files...
(2016: 5:29: 8:43) - (*) Add map (resurr1)   - Loading map info files...
(2016: 5:29: 8:43) - (*) Add map (gshop_1)   - Loading map info files...
(2016: 5:29: 8:43) - (*) Add map (arejail)   - Loading map info files...
(2016: 5:29: 8:43) - (*) Add map (cath_1)   - Loading map info files...
(2016: 5:29: 8:43) - (*) Add map (wzdtwr_1)   - Loading map info files...
(2016: 5:29: 8:43) - (*) Add map (gshop_1f)   - Loading map info files...
(2016: 5:29: 8:43) - (*) Add map (wrhus_1f)   - Loading map info files...
(2016: 5:29: 8:43) - (*) Add map (bsmith_1f)   - Loading map info files...
(2016: 5:29: 8:43) - (*) Add map (bsmith_1)   - Loading map info files...
(2016: 5:29: 8:43) - (*) Add map (gldhall_1)   - Loading map info files...
(2016: 5:29: 8:43) - (*) Add map (CmdHall_1)   - Loading map info files...
(2016: 5:29: 8:43) - (*) Add map (inferniaB)   - Loading map info files...
(2016: 5:29: 8:43) - (*) Add map (inferniaA)   - Loading map info files...
(2016: 5:29: 8:43) - (*) Add map (maze)   - Loading map info files...
(2016: 5:29: 8:43) - (*) Add map (druncncity)   - Loading map info files...
(2016: 5:29: 8:43) - (*) Add map (procella)   - Loading map info files...
(2016: 5:29: 8:43) - (*) Add map (abaddon)   - Loading map info files...
(2016: 5:29: 8:43) - (*) Add map (icebound)   - Loading map info files...
(2016: 5:29: 8:43) - (!) Reading Notify Message list file...
(2016: 5:29: 8:43) - (!) Try to connect sub-log-socket(0)... Addr:192.168.1.151  Port:800
(2016: 5:29: 8:43) - (!!!) Sub-log-socket(0) connected.
(2016: 5:29: 8:43) - (!) Try to register game server(Helbreath)
(2016: 5:29: 8:43) - (!!!) Log Socket Connection Established Log#(0) Address:192.168.1.151  Port:800
(2016: 5:29: 8:43) - (!) ITEM configuration contents received. Now decoding...
(2016: 5:29: 8:43) - (!) ITEM(Total:291) configuration - success!
(2016: 5:29: 8:43) - (!) ITEM configuration contents received. Now decoding...
(2016: 5:29: 8:43) - (!) ITEM(Total:622) configuration - success!
(2016: 5:29: 8:43) - (!) ITEM configuration contents received. Now decoding...
(2016: 5:29: 8:43) - (!) ITEM(Total:1008) configuration - success!
(2016: 5:29: 8:43) - (!) BUILD-ITEM configuration contents received. Now decoding...
(2016: 5:29: 8:43) - (!) BuildItem(Total:97) configuration - success!
(2016: 5:29: 8:43) - (!) DupItemID file contents received. Now decoding...
(2016: 5:29: 8:43) - (!) DupItemID(Total:13) configuration - success!
(2016: 5:29: 8:43) - (!) MAGIC configuration contents received. Now decoding...
(2016: 5:29: 8:43) - (!) MAGIC(Total:99) configuration - success!
(2016: 5:29: 8:43) - (!) Noticement file contents received. Now decoding...
(2016: 5:29: 8:43) - (!) Noticement Data Size: 208
(2016: 5:29: 8:43) - (!) NPC configuration contents received. Now decoding...
(2016: 5:29: 8:43) - (!) NPC(Total:135) configuration - success!
(2016: 5:29: 8:43) - (!) POTION configuration contents received. Now decoding...
(2016: 5:29: 8:43) - (!) POTION(Total:20) configuration - success!
(2016: 5:29: 8:43) - (!) QUEST configuration contents received. Now decoding...
(2016: 5:29: 8:43) - (!) QUEST(Total:151) configuration - success!
(2016: 5:29: 8:43) - (!) SKILL configuration contents received. Now decoding...
(2016: 5:29: 8:43) - (!) SKILL(Total:23) configuration - success!
(2016: 5:29: 8:43) - (!!) CRAFTING(Total:26) configuration - success!
(2016: 5:29: 8:43) - (!) TeleportListConfig file contents received. Now decoding...
(2016: 5:29: 8:43) - (!) TELEPORT-LIST(Total:16) configuration - success!
(2016: 5:29: 8:43) - (!) Game Server registration to Log Server - Success! GSID[0]
(2016: 5:29: 8:43) - (!) Try to connect sub-log-socket(1)... Addr:192.168.1.151  Port:800
(2016: 5:29: 8:43) - (!!!) Sub-log-socket(1) connected.
(2016: 5:29: 8:43) - (!) Try to register game server socket(1) on ID[0]
(2016: 5:29: 8:43) - (!!!) Log Socket Connection Established Log#(1) Address:192.168.1.151  Port:800
(2016: 5:29: 8:43) - (!) Try to connect sub-log-socket(2)... Addr:192.168.1.151  Port:800
(2016: 5:29: 8:43) - (!!!) Sub-log-socket(2) connected.
(2016: 5:29: 8:43) - (!) Try to register game server socket(2) on ID[0]
(2016: 5:29: 8:43) - (!!!) Log Socket Connection Established Log#(2) Address:192.168.1.151  Port:800
(2016: 5:29: 8:43) - (!) Try to connect sub-log-socket(3)... Addr:192.168.1.151  Port:800
(2016: 5:29: 8:43) - (!!!) Sub-log-socket(3) connected.
(2016: 5:29: 8:43) - (!) Try to register game server socket(3) on ID[0]
(2016: 5:29: 8:43) - (!!!) Log Socket Connection Established Log#(3) Address:192.168.1.151  Port:800
(2016: 5:29: 8:43) - (!) Try to connect sub-log-socket(4)... Addr:192.168.1.151  Port:800
(2016: 5:29: 8:43) - (!!!) Sub-log-socket(4) connected.
(2016: 5:29: 8:43) - (!) Try to register game server socket(4) on ID[0]
(2016: 5:29: 8:43) - (!!!) Log Socket Connection Established Log#(4) Address:192.168.1.151  Port:800
(2016: 5:29: 8:43) - Sending start message...
(2016: 5:29: 8:43) - (!) Map info file decoding(mapdata\astoria.txt) - success! TL(8) WP(0) LNPC(0) MXO(900) RMG(0 / 0)
(2016: 5:29: 8:43) - (!) Map info file decoding(mapdata\default2.txt) - success! TL(12) WP(0) LNPC(0) MXO(0) RMG(0 / 0)
(2016: 5:29: 8:43) - (!) Map info file decoding(mapdata\bisle.txt) - success! TL(0) WP(10) LNPC(0) MXO(50) RMG(0 / 0)
(2016: 5:29: 8:43) - (!) Map info file decoding(mapdata\bsmith.txt) - success! TL(6) WP(10) LNPC(3) MXO(0) RMG(0 / 0)
(2016: 5:29: 8:43) - (!) Map info file decoding(mapdata\barracks1.txt) - success! TL(6) WP(10) LNPC(0) MXO(300) RMG(0 / 0)
(2016: 5:29: 8:43) - (!) Map info file decoding(mapdata\barracks2.txt) - success! TL(3) WP(10) LNPC(0) MXO(300) RMG(0 / 0)
(2016: 5:29: 8:43) - (!) Map info file decoding(mapdata\default.txt) - success! TL(21) WP(0) LNPC(0) MXO(100) RMG(0 / 0)
(2016: 5:29: 8:43) - (!) Map info file decoding(mapdata\fightzone1.txt) - success! TL(0) WP(10) LNPC(0) MXO(50) RMG(0 / 0)
(2016: 5:29: 8:43) - (!) Map info file decoding(mapdata\fightzone2.txt) - success! TL(0) WP(10) LNPC(0) MXO(50) RMG(0 / 0)
(2016: 5:29: 8:43) - (!) Map info file decoding(mapdata\fightzone3.txt) - success! TL(0) WP(10) LNPC(0) MXO(50) RMG(0 / 0)
(2016: 5:29: 8:43) - (!) Map info file decoding(mapdata\fightzone4.txt) - success! TL(0) WP(10) LNPC(0) MXO(50) RMG(0 / 0)
(2016: 5:29: 8:43) - (!) Map info file decoding(mapdata\fightzone5.txt) - success! TL(0) WP(9) LNPC(0) MXO(999) RMG(0 / 0)
(2016: 5:29: 8:43) - (!) Map info file decoding(mapdata\fightzone6.txt) - success! TL(0) WP(9) LNPC(0) MXO(999) RMG(0 / 0)
(2016: 5:29: 8:43) - (!) Map info file decoding(mapdata\fightzone7.txt) - success! TL(0) WP(9) LNPC(0) MXO(999) RMG(0 / 0)
(2016: 5:29: 8:43) - (!) Map info file decoding(mapdata\fightzone8.txt) - success! TL(0) WP(9) LNPC(0) MXO(999) RMG(0 / 0)
(2016: 5:29: 8:43) - (!) Map info file decoding(mapdata\fightzone9.txt) - success! TL(0) WP(10) LNPC(0) MXO(65) RMG(0 / 0)
(2016: 5:29: 8:43) - (!) Map info file decoding(mapdata\middleland.txt) - success! TL(56) WP(19) LNPC(0) MXO(900) RMG(0 / 0)
(2016: 5:29: 8:43) - (!) Map info file decoding(mapdata\2ndmiddle.txt) - success! TL(22) WP(4) LNPC(0) MXO(400) RMG(1 / 16)
(2016: 5:29: 8:43) - (!) Map info file decoding(mapdata\middled1n.txt) - success! TL(12) WP(9) LNPC(0) MXO(150) RMG(1 / 12)
(2016: 5:29: 8:43) - (!) Map info file decoding(mapdata\middled1x.txt) - success! TL(4) WP(9) LNPC(0) MXO(150) RMG(1 / 5)
(2016: 5:29: 8:43) - (!) Map info file decoding(mapdata\areuni.txt) - success! TL(18) WP(9) LNPC(0) MXO(350) RMG(1 / 7)
(2016: 5:29: 8:43) - (!) Map info file decoding(mapdata\elvuni.txt) - success! TL(9) WP(9) LNPC(0) MXO(350) RMG(1 / 7)
(2016: 5:29: 8:43) - (!) Map info file decoding(mapdata\huntzone1.txt) - success! TL(33) WP(9) LNPC(0) MXO(350) RMG(1 / 16)
(2016: 5:29: 8:43) - (!) Map info file decoding(mapdata\huntzone2.txt) - success! TL(31) WP(9) LNPC(0) MXO(350) RMG(1 / 16)
(2016: 5:29: 8:43) - (!) Map info file decoding(mapdata\huntzone3.txt) - success! TL(6) WP(9) LNPC(0) MXO(350) RMG(1 / 6)
(2016: 5:29: 8:43) - (!) Map info file decoding(mapdata\huntzone4.txt) - success! TL(9) WP(9) LNPC(0) MXO(350) RMG(1 / 6)
(2016: 5:29: 8:43) - (!) Map info file decoding(mapdata\BtField.txt) - success! TL(0) WP(9) LNPC(0) MXO(900) RMG(1 / 20)
(2016: 5:29: 8:43) - (!) Map info file decoding(mapdata\GodH.txt) - success! TL(3) WP(0) LNPC(0) MXO(999) RMG(0 / 0)
(2016: 5:29: 8:43) - (!) Map info file decoding(mapdata\HRampart.txt) - success! TL(6) WP(0) LNPC(0) MXO(999) RMG(0 / 0)
(2016: 5:29: 8:43) - (!) Map info file decoding(mapdata\elvine.txt) - success! TL(85) WP(9) LNPC(0) MXO(600) RMG(0 / 0)
(2016: 5:29: 8:43) - (!) Map info file decoding(mapdata\elvfarm.txt) - success! TL(43) WP(10) LNPC(0) MXO(300) RMG(1 / 1)
(2016: 5:29: 8:43) - (!) Map info file decoding(mapdata\elvbrk11.txt) - success! TL(9) WP(10) LNPC(0) MXO(200) RMG(0 / 0)
(2016: 5:29: 8:43) - (!) Map info file decoding(mapdata\elvbrk12.txt) - success! TL(3) WP(10) LNPC(0) MXO(200) RMG(0 / 0)
(2016: 5:29: 8:43) - (!) Map info file decoding(mapdata\elvbrk21.txt) - success! TL(6) WP(10) LNPC(0) MXO(200) RMG(0 / 0)
(2016: 5:29: 8:43) - (!) Map info file decoding(mapdata\elvbrk22.txt) - success! TL(3) WP(10) LNPC(0) MXO(200) RMG(0 / 0)
(2016: 5:29: 8:43) - (!) Map info file decoding(mapdata\elvined1.txt) - success! TL(11) WP(9) LNPC(0) MXO(180) RMG(1 / 4)
(2016: 5:29: 8:43) - (!) Map info file decoding(mapdata\elvjail.txt) - success! TL(0) WP(0) LNPC(0) MXO(0) RMG(0 / 0)
(2016: 5:29: 8:43) - (!) Map info file decoding(mapdata\elvwrhus.txt) - success! TL(6) WP(10) LNPC(1) MXO(0) RMG(0 / 0)
(2016: 5:29: 8:43) - (!) Map info file decoding(mapdata\gldhall_2.txt) - success! TL(3) WP(10) LNPC(1) MXO(0) RMG(0 / 0)
(2016: 5:29: 8:43) - (!) Map info file decoding(mapdata\gshop_2.txt) - success! TL(5) WP(10) LNPC(1) MXO(0) RMG(0 / 0)
(2016: 5:29: 8:43) - (!) Map info file decoding(mapdata\gshop_2f.txt) - success! TL(5) WP(10) LNPC(1) MXO(0) RMG(0 / 0)
(2016: 5:29: 8:43) - (!) Map info file decoding(mapdata\resurr2.txt) - success! TL(16) WP(0) LNPC(0) MXO(0) RMG(0 / 0)
(2016: 5:29: 8:43) - (!) Map info file decoding(mapdata\wrhus_2.txt) - success! TL(7) WP(10) LNPC(1) MXO(0) RMG(0 / 0)
(2016: 5:29: 8:43) - (!) Map info file decoding(mapdata\wrhus_2f.txt) - success! TL(7) WP(10) LNPC(1) MXO(0) RMG(0 / 0)
(2016: 5:29: 8:43) - (!) Map info file decoding(mapdata\wzdtwr_2.txt) - success! TL(3) WP(10) LNPC(1) MXO(0) RMG(0 / 0)
(2016: 5:29: 8:43) - (!) Map info file decoding(mapdata\bsmith_2.txt) - success! TL(6) WP(10) LNPC(1) MXO(0) RMG(0 / 0)
(2016: 5:29: 8:43) - (!) Map info file decoding(mapdata\bsmith_2f.txt) - success! TL(6) WP(10) LNPC(1) MXO(0) RMG(0 / 0)
(2016: 5:29: 8:43) - (!) Map info file decoding(mapdata\cath_2.txt) - success! TL(4) WP(10) LNPC(1) MXO(0) RMG(0 / 0)
(2016: 5:29: 8:43) - (!) Map info file decoding(mapdata\cityhall_2.txt) - success! TL(4) WP(10) LNPC(1) MXO(0) RMG(0 / 0)
(2016: 5:29: 8:43) - (!) Map info file decoding(mapdata\CmdHall_2.txt) - success! TL(8) WP(10) LNPC(1) MXO(0) RMG(0 / 0)
(2016: 5:29: 8:43) - (!) Map info file decoding(mapdata\dglv2.txt) - success! TL(43) WP(9) LNPC(0) MXO(830) RMG(1 / 5)
(2016: 5:29: 8:43) - (!) Map info file decoding(mapdata\dglv3.txt) - success! TL(12) WP(9) LNPC(0) MXO(700) RMG(1 / 9)
(2016: 5:29: 8:43) - (!) Map info file decoding(mapdata\dglv4.txt) - success! TL(9) WP(9) LNPC(0) MXO(700) RMG(1 / 10)
(2016: 5:29: 8:43) - (!) Map info file decoding(mapdata\toh1.txt) - success! TL(9) WP(9) LNPC(0) MXO(675) RMG(1 / 13)
(2016: 5:29: 8:43) - (!) Map info file decoding(mapdata\toh2.txt) - success! TL(12) WP(9) LNPC(0) MXO(600) RMG(1 / 14)
(2016: 5:29: 8:43) - (!) Map info file decoding(mapdata\toh3.txt) - success! TL(6) WP(9) LNPC(0) MXO(350) RMG(1 / 15)
(2016: 5:29: 8:43) - (!) Map info file decoding(mapdata\aresden.txt) - success! TL(91) WP(9) LNPC(0) MXO(600) RMG(0 / 0)
(2016: 5:29: 8:43) - (!) Map info file decoding(mapdata\arefarm.txt) - success! TL(50) WP(10) LNPC(0) MXO(300) RMG(0 / 0)
(2016: 5:29: 8:43) - (!) Map info file decoding(mapdata\aresdend1.txt) - success! TL(11) WP(9) LNPC(0) MXO(180) RMG(1 / 4)
(2016: 5:29: 8:43) - (!) Map info file decoding(mapdata\arebrk11.txt) - success! TL(9) WP(10) LNPC(0) MXO(200) RMG(0 / 0)
(2016: 5:29: 8:43) - (!) Map info file decoding(mapdata\arebrk12.txt) - success! TL(3) WP(10) LNPC(0) MXO(200) RMG(0 / 0)
(2016: 5:29: 8:43) - (!) Map info file decoding(mapdata\arebrk21.txt) - success! TL(6) WP(10) LNPC(0) MXO(200) RMG(0 / 0)
(2016: 5:29: 8:43) - (!) Map info file decoding(mapdata\arebrk22.txt) - success! TL(3) WP(10) LNPC(0) MXO(200) RMG(0 / 0)
(2016: 5:29: 8:43) - (!) Map info file decoding(mapdata\wrhus_1.txt) - success! TL(7) WP(10) LNPC(1) MXO(0) RMG(0 / 0)
(2016: 5:29: 8:43) - (!) Map info file decoding(mapdata\cityhall_1.txt) - success! TL(4) WP(10) LNPC(1) MXO(0) RMG(0 / 0)
(2016: 5:29: 8:43) - (!) Map info file decoding(mapdata\arewrhus.txt) - success! TL(6) WP(10) LNPC(1) MXO(0) RMG(0 / 0)
(2016: 5:29: 8:43) - (!) Map info file decoding(mapdata\resurr1.txt) - success! TL(16) WP(0) LNPC(0) MXO(0) RMG(0 / 0)
(2016: 5:29: 8:43) - (!) Map info file decoding(mapdata\gshop_1.txt) - success! TL(5) WP(10) LNPC(1) MXO(0) RMG(0 / 0)
(2016: 5:29: 8:43) - (!) Map info file decoding(mapdata\arejail.txt) - success! TL(0) WP(0) LNPC(0) MXO(0) RMG(0 / 0)
(2016: 5:29: 8:43) - (!) Map info file decoding(mapdata\cath_1.txt) - success! TL(4) WP(10) LNPC(1) MXO(0) RMG(0 / 0)
(2016: 5:29: 8:43) - (!) Map info file decoding(mapdata\wzdtwr_1.txt) - success! TL(3) WP(10) LNPC(1) MXO(0) RMG(0 / 0)
(2016: 5:29: 8:43) - (!) Map info file decoding(mapdata\gshop_1f.txt) - success! TL(5) WP(10) LNPC(1) MXO(0) RMG(0 / 0)
(2016: 5:29: 8:43) - (!) Map info file decoding(mapdata\wrhus_1f.txt) - success! TL(7) WP(10) LNPC(1) MXO(0) RMG(0 / 0)
(2016: 5:29: 8:43) - (!) Map info file decoding(mapdata\bsmith_1f.txt) - success! TL(6) WP(10) LNPC(1) MXO(0) RMG(0 / 0)
(2016: 5:29: 8:43) - (!) Map info file decoding(mapdata\bsmith_1.txt) - success! TL(6) WP(10) LNPC(1) MXO(0) RMG(0 / 0)
(2016: 5:29: 8:43) - (!) Map info file decoding(mapdata\gldhall_1.txt) - success! TL(3) WP(10) LNPC(1) MXO(0) RMG(0 / 0)
(2016: 5:29: 8:43) - (!) Map info file decoding(mapdata\CmdHall_1.txt) - success! TL(8) WP(10) LNPC(1) MXO(0) RMG(0 / 0)
(2016: 5:29: 8:43) - (!) Map info file decoding(mapdata\inferniaB.txt) - success! TL(1) WP(9) LNPC(0) MXO(400) RMG(0 / 0)
(2016: 5:29: 8:43) - (!) Map info file decoding(mapdata\inferniaA.txt) - success! TL(1) WP(9) LNPC(0) MXO(400) RMG(0 / 0)
(2016: 5:29: 8:43) - (!) Map info file decoding(mapdata\maze.txt) - success! TL(1) WP(9) LNPC(0) MXO(100) RMG(1 / 19)
(2016: 5:29: 8:43) - (!) Map info file decoding(mapdata\druncncity.txt) - success! TL(12) WP(9) LNPC(0) MXO(100) RMG(1 / 18)
(2016: 5:29: 8:43) - (!) Map info file decoding(mapdata\procella.txt) - success! TL(1) WP(9) LNPC(0) MXO(500) RMG(0 / 0)
(2016: 5:29: 8:43) - (!) Map info file decoding(mapdata\abaddon.txt) - success! TL(0) WP(0) LNPC(0) MXO(300) RMG(0 / 0)
(2016: 5:29: 8:43) - (!) Map info file decoding(mapdata\icebound.txt) - success! TL(10) WP(9) LNPC(0) MXO(700) RMG(0 / 0)
(2016: 5:29: 8:43) - (!) Reading Crusade configuration file...
(2016: 5:29: 8:43) - (!) Map(elvine) Strike Point(1) Related Map(cityhall_2) Index(48)
(2016: 5:29: 8:43) - (!) Map(elvine) Strike Point(2) Related Map(gshop_2) Index(39)
(2016: 5:29: 8:43) - (!) Map(elvine) Strike Point(3) Related Map(bsmith_2) Index(45)
(2016: 5:29: 8:43) - (!) Map(elvine) Strike Point(4) Related Map(wrhus_2) Index(42)
(2016: 5:29: 8:43) - (!) Map(aresden) Strike Point(1) Related Map(cityhall_1) Index(64)
(2016: 5:29: 8:43) - (!) Map(aresden) Strike Point(2) Related Map(gshop_1) Index(67)
(2016: 5:29: 8:43) - (!) Map(aresden) Strike Point(3) Related Map(bsmith_1) Index(74)
(2016: 5:29: 8:43) - (!) Map(aresden) Strike Point(4) Related Map(wrhus_1) Index(63)
(2016: 5:29: 8:43) - (!) Reading CrusadeGUID file...
(2016: 5:29: 8:43) - CrusadeGUID = 29282157
(2016: 5:29: 8:43) - CrusadeWinnerSide = 0
(2016: 5:29: 8:43) - (!) Reading Heldenian-GUID file...
(2016: 5:29: 8:43) - Heldenian-GUID = 0
(2016: 5:29: 8:43) - Heldenian-Type1-Winner = 0
(2016: 5:29: 8:43) - Heldenian-Type2-Winner = 0
(2016: 5:29: 8:43) - Heldenian-LastType = 0
(2016: 5:29: 8:43) - (!!) Nobody Owned Heldenian In Last Type (1).
(2016: 5:29: 8:43) - (!!) Nobody Owned Heldenian In Last Type (2).
(2016: 5:29: 8:43) - (!!) Last Heldenian Type (No Last Type).
(2016: 5:29: 8:43) - (!) Reading Scheduler file...
(2016: 5:29: 8:43) - 
(2016: 5:29: 8:43) - (!) Game Server Activated.
(2016: 5:29: 8:43) - <1> New client: 192.168.1.151
(2016: 5:29: 8:43) - Enter Game: Life(1)
(2016: 5:29: 8:43) - <1> Client Disconnected! (192.168.1.151)
